<?xml version="1.0" encoding="UTF-8"?>
<testng-results ignored="0" total="5" passed="4" failed="1" skipped="0">
  <reporter-output>
    <line>
      <![CDATA[Browser launched and URL is opened]]>
    </line>
    <line>
      <![CDATA[Username is standard_user]]>
    </line>
    <line>
      <![CDATA[Clicked on Login button]]>
    </line>
    <line>
      <![CDATA[Login with Valid Credentials is successful]]>
    </line>
    <line>
      <![CDATA[Browser launched and URL is opened]]>
    </line>
    <line>
      <![CDATA[Username is rogue_user]]>
    </line>
    <line>
      <![CDATA[Clicked on Login button]]>
    </line>
    <line>
      <![CDATA[Login with Invalid Credentials is working as expected]]>
    </line>
    <line>
      <![CDATA[Browser launched and URL is opened]]>
    </line>
    <line>
      <![CDATA[Username is ]]>
    </line>
    <line>
      <![CDATA[Clicked on Login button]]>
    </line>
    <line>
      <![CDATA[Login with username as blank and valid password is working as expected]]>
    </line>
    <line>
      <![CDATA[Browser launched and URL is opened]]>
    </line>
    <line>
      <![CDATA[Username is standard_user]]>
    </line>
    <line>
      <![CDATA[Clicked on Login button]]>
    </line>
    <line>
      <![CDATA[Login with password as blank and valid username is working as expected]]>
    </line>
    <line>
      <![CDATA[Browser launched and URL is opened]]>
    </line>
    <line>
      <![CDATA[Username is ]]>
    </line>
    <line>
      <![CDATA[Clicked on Login button]]>
    </line>
  </reporter-output>
  <suite started-at="2021-06-01T09:51:22 PDT" name="Default suite" finished-at="2021-06-01T09:51:32 PDT" duration-ms="9472">
    <groups>
    </groups>
    <test started-at="2021-06-01T09:51:22 PDT" name="Default test" finished-at="2021-06-01T09:51:32 PDT" duration-ms="9472">
      <class name="testsuite.TestCases">
        <test-method is-config="true" signature="initializeDriver()[pri:0, instance:testsuite.TestCases@47d90b9e]" started-at="2021-06-01T09:51:23 PDT" name="initializeDriver" finished-at="2021-06-01T09:51:25 PDT" duration-ms="1964" status="PASS">
          <reporter-output>
            <line>
              <![CDATA[Browser launched and URL is opened]]>
            </line>
          </reporter-output>
        </test-method> <!-- initializeDriver -->
        <test-method signature="testLoginSwaglabs(java.lang.String,java.lang.String,java.lang.String)[pri:0, instance:testsuite.TestCases@47d90b9e]" started-at="2021-06-01T09:51:25 PDT" name="testLoginSwaglabs" data-provider="credentialsProvider" finished-at="2021-06-01T09:51:25 PDT" duration-ms="316" status="PASS">
          <params>
            <param index="0">
              <value>
                <![CDATA[standard_user]]>
              </value>
            </param>
            <param index="1">
              <value>
                <![CDATA[secret_sauce]]>
              </value>
            </param>
            <param index="2">
              <value>
                <![CDATA[VALID_CREDENTIALS]]>
              </value>
            </param>
          </params>
          <reporter-output>
            <line>
              <![CDATA[Username is standard_user]]>
            </line>
            <line>
              <![CDATA[Clicked on Login button]]>
            </line>
            <line>
              <![CDATA[Login with Valid Credentials is successful]]>
            </line>
          </reporter-output>
        </test-method> <!-- testLoginSwaglabs -->
        <test-method is-config="true" signature="reportAndCloseDriver(org.testng.ITestResult)[pri:0, instance:testsuite.TestCases@47d90b9e]" started-at="2021-06-01T09:51:25 PDT" name="reportAndCloseDriver" finished-at="2021-06-01T09:51:25 PDT" duration-ms="140" status="PASS">
          <params>
            <param index="0">
              <value>
                <![CDATA[[TestResult name=testLoginSwaglabs status=SUCCESS method=TestCases.testLoginSwaglabs(java.lang.String,java.lang.String,java.lang.String)[pri:0, instance:testsuite.TestCases@47d90b9e] output=Username is standard_user]]]>
              </value>
            </param>
          </params>
          <reporter-output>
          </reporter-output>
        </test-method> <!-- reportAndCloseDriver -->
        <test-method is-config="true" signature="initializeDriver()[pri:0, instance:testsuite.TestCases@47d90b9e]" started-at="2021-06-01T09:51:25 PDT" name="initializeDriver" finished-at="2021-06-01T09:51:26 PDT" duration-ms="1314" status="PASS">
          <reporter-output>
            <line>
              <![CDATA[Browser launched and URL is opened]]>
            </line>
          </reporter-output>
        </test-method> <!-- initializeDriver -->
        <test-method signature="testLoginSwaglabs(java.lang.String,java.lang.String,java.lang.String)[pri:0, instance:testsuite.TestCases@47d90b9e]" started-at="2021-06-01T09:51:26 PDT" name="testLoginSwaglabs" data-provider="credentialsProvider" finished-at="2021-06-01T09:51:27 PDT" duration-ms="210" status="PASS">
          <params>
            <param index="0">
              <value>
                <![CDATA[rogue_user]]>
              </value>
            </param>
            <param index="1">
              <value>
                <![CDATA[open_sauce]]>
              </value>
            </param>
            <param index="2">
              <value>
                <![CDATA[INCORRECT_CREDENTIALS]]>
              </value>
            </param>
          </params>
          <reporter-output>
            <line>
              <![CDATA[Username is rogue_user]]>
            </line>
            <line>
              <![CDATA[Clicked on Login button]]>
            </line>
            <line>
              <![CDATA[Login with Invalid Credentials is working as expected]]>
            </line>
          </reporter-output>
        </test-method> <!-- testLoginSwaglabs -->
        <test-method is-config="true" signature="reportAndCloseDriver(org.testng.ITestResult)[pri:0, instance:testsuite.TestCases@47d90b9e]" started-at="2021-06-01T09:51:27 PDT" name="reportAndCloseDriver" finished-at="2021-06-01T09:51:27 PDT" duration-ms="104" status="PASS">
          <params>
            <param index="0">
              <value>
                <![CDATA[[TestResult name=testLoginSwaglabs status=SUCCESS method=TestCases.testLoginSwaglabs(java.lang.String,java.lang.String,java.lang.String)[pri:0, instance:testsuite.TestCases@47d90b9e] output=Username is rogue_user]]]>
              </value>
            </param>
          </params>
          <reporter-output>
          </reporter-output>
        </test-method> <!-- reportAndCloseDriver -->
        <test-method is-config="true" signature="initializeDriver()[pri:0, instance:testsuite.TestCases@47d90b9e]" started-at="2021-06-01T09:51:27 PDT" name="initializeDriver" finished-at="2021-06-01T09:51:28 PDT" duration-ms="1253" status="PASS">
          <reporter-output>
            <line>
              <![CDATA[Browser launched and URL is opened]]>
            </line>
          </reporter-output>
        </test-method> <!-- initializeDriver -->
        <test-method signature="testLoginSwaglabs(java.lang.String,java.lang.String,java.lang.String)[pri:0, instance:testsuite.TestCases@47d90b9e]" started-at="2021-06-01T09:51:28 PDT" name="testLoginSwaglabs" data-provider="credentialsProvider" finished-at="2021-06-01T09:51:28 PDT" duration-ms="237" status="PASS">
          <params>
            <param index="0">
              <value>
                <![CDATA[]]>
              </value>
            </param>
            <param index="1">
              <value>
                <![CDATA[secret_sauce]]>
              </value>
            </param>
            <param index="2">
              <value>
                <![CDATA[USERNAME_REQUIRED]]>
              </value>
            </param>
          </params>
          <reporter-output>
            <line>
              <![CDATA[Username is ]]>
            </line>
            <line>
              <![CDATA[Clicked on Login button]]>
            </line>
            <line>
              <![CDATA[Login with username as blank and valid password is working as expected]]>
            </line>
          </reporter-output>
        </test-method> <!-- testLoginSwaglabs -->
        <test-method is-config="true" signature="reportAndCloseDriver(org.testng.ITestResult)[pri:0, instance:testsuite.TestCases@47d90b9e]" started-at="2021-06-01T09:51:28 PDT" name="reportAndCloseDriver" finished-at="2021-06-01T09:51:28 PDT" duration-ms="56" status="PASS">
          <params>
            <param index="0">
              <value>
                <![CDATA[[TestResult name=testLoginSwaglabs status=SUCCESS method=TestCases.testLoginSwaglabs(java.lang.String,java.lang.String,java.lang.String)[pri:0, instance:testsuite.TestCases@47d90b9e] output=Username is ]]]>
              </value>
            </param>
          </params>
          <reporter-output>
          </reporter-output>
        </test-method> <!-- reportAndCloseDriver -->
        <test-method is-config="true" signature="initializeDriver()[pri:0, instance:testsuite.TestCases@47d90b9e]" started-at="2021-06-01T09:51:28 PDT" name="initializeDriver" finished-at="2021-06-01T09:51:30 PDT" duration-ms="1440" status="PASS">
          <reporter-output>
            <line>
              <![CDATA[Browser launched and URL is opened]]>
            </line>
          </reporter-output>
        </test-method> <!-- initializeDriver -->
        <test-method signature="testLoginSwaglabs(java.lang.String,java.lang.String,java.lang.String)[pri:0, instance:testsuite.TestCases@47d90b9e]" started-at="2021-06-01T09:51:30 PDT" name="testLoginSwaglabs" data-provider="credentialsProvider" finished-at="2021-06-01T09:51:30 PDT" duration-ms="199" status="PASS">
          <params>
            <param index="0">
              <value>
                <![CDATA[standard_user]]>
              </value>
            </param>
            <param index="1">
              <value>
                <![CDATA[]]>
              </value>
            </param>
            <param index="2">
              <value>
                <![CDATA[PASSWORD_REQUIRED]]>
              </value>
            </param>
          </params>
          <reporter-output>
            <line>
              <![CDATA[Username is standard_user]]>
            </line>
            <line>
              <![CDATA[Clicked on Login button]]>
            </line>
            <line>
              <![CDATA[Login with password as blank and valid username is working as expected]]>
            </line>
          </reporter-output>
        </test-method> <!-- testLoginSwaglabs -->
        <test-method is-config="true" signature="reportAndCloseDriver(org.testng.ITestResult)[pri:0, instance:testsuite.TestCases@47d90b9e]" started-at="2021-06-01T09:51:30 PDT" name="reportAndCloseDriver" finished-at="2021-06-01T09:51:30 PDT" duration-ms="123" status="PASS">
          <params>
            <param index="0">
              <value>
                <![CDATA[[TestResult name=testLoginSwaglabs status=SUCCESS method=TestCases.testLoginSwaglabs(java.lang.String,java.lang.String,java.lang.String)[pri:0, instance:testsuite.TestCases@47d90b9e] output=Username is standard_user]]]>
              </value>
            </param>
          </params>
          <reporter-output>
          </reporter-output>
        </test-method> <!-- reportAndCloseDriver -->
        <test-method is-config="true" signature="initializeDriver()[pri:0, instance:testsuite.TestCases@47d90b9e]" started-at="2021-06-01T09:51:30 PDT" name="initializeDriver" finished-at="2021-06-01T09:51:31 PDT" duration-ms="1150" status="PASS">
          <reporter-output>
            <line>
              <![CDATA[Browser launched and URL is opened]]>
            </line>
          </reporter-output>
        </test-method> <!-- initializeDriver -->
        <test-method signature="testLoginSwaglabs(java.lang.String,java.lang.String,java.lang.String)[pri:0, instance:testsuite.TestCases@47d90b9e]" started-at="2021-06-01T09:51:31 PDT" name="testLoginSwaglabs" data-provider="credentialsProvider" finished-at="2021-06-01T09:51:31 PDT" duration-ms="196" status="FAIL">
          <params>
            <param index="0">
              <value>
                <![CDATA[]]>
              </value>
            </param>
            <param index="1">
              <value>
                <![CDATA[]]>
              </value>
            </param>
            <param index="2">
              <value>
                <![CDATA[USERNAME_AND_PASSWORD_REQUIRED]]>
              </value>
            </param>
          </params>
          <exception class="java.lang.AssertionError">
            <message>
              <![CDATA[Incorrect error message is displayed]]>
            </message>
            <full-stacktrace>
              <![CDATA[java.lang.AssertionError: Incorrect error message is displayed
at org.testng.Assert.fail(Assert.java:99)
at businessfunctionslib.LoginPage.verifyUsernameAndPasswordRequired(LoginPage.java:69)
at testsuite.TestCases.loginAndVerify(TestCases.java:86)
at testsuite.TestCases.testLoginSwaglabs(TestCases.java:60)
at java.base/jdk.internal.reflect.NativeMethodAccessorImpl.invoke0(Native Method)
at java.base/jdk.internal.reflect.NativeMethodAccessorImpl.invoke(NativeMethodAccessorImpl.java:78)
at java.base/jdk.internal.reflect.DelegatingMethodAccessorImpl.invoke(DelegatingMethodAccessorImpl.java:43)
at java.base/java.lang.reflect.Method.invoke(Method.java:567)
at org.testng.internal.MethodInvocationHelper.invokeMethod(MethodInvocationHelper.java:133)
at org.testng.internal.TestInvoker.invokeMethod(TestInvoker.java:598)
at org.testng.internal.TestInvoker.invokeTestMethod(TestInvoker.java:173)
at org.testng.internal.MethodRunner.runInSequence(MethodRunner.java:46)
at org.testng.internal.TestInvoker$MethodInvocationAgent.invoke(TestInvoker.java:824)
at org.testng.internal.TestInvoker.invokeTestMethods(TestInvoker.java:146)
at org.testng.internal.TestMethodWorker.invokeTestMethods(TestMethodWorker.java:146)
at org.testng.internal.TestMethodWorker.run(TestMethodWorker.java:128)
at java.base/java.util.ArrayList.forEach(ArrayList.java:1511)
at org.testng.TestRunner.privateRun(TestRunner.java:794)
at org.testng.TestRunner.run(TestRunner.java:596)
at org.testng.SuiteRunner.runTest(SuiteRunner.java:377)
at org.testng.SuiteRunner.runSequentially(SuiteRunner.java:371)
at org.testng.SuiteRunner.privateRun(SuiteRunner.java:332)
at org.testng.SuiteRunner.run(SuiteRunner.java:276)
at org.testng.SuiteRunnerWorker.runSuite(SuiteRunnerWorker.java:53)
at org.testng.SuiteRunnerWorker.run(SuiteRunnerWorker.java:96)
at org.testng.TestNG.runSuitesSequentially(TestNG.java:1212)
at org.testng.TestNG.runSuitesLocally(TestNG.java:1134)
at org.testng.TestNG.runSuites(TestNG.java:1063)
at org.testng.TestNG.run(TestNG.java:1031)
at org.testng.remote.AbstractRemoteTestNG.run(AbstractRemoteTestNG.java:115)
at org.testng.remote.RemoteTestNG.initAndRun(RemoteTestNG.java:251)
at org.testng.remote.RemoteTestNG.main(RemoteTestNG.java:77)
]]>
            </full-stacktrace>
          </exception> <!-- java.lang.AssertionError -->
          <reporter-output>
            <line>
              <![CDATA[Username is ]]>
            </line>
            <line>
              <![CDATA[Clicked on Login button]]>
            </line>
          </reporter-output>
        </test-method> <!-- testLoginSwaglabs -->
        <test-method is-config="true" signature="reportAndCloseDriver(org.testng.ITestResult)[pri:0, instance:testsuite.TestCases@47d90b9e]" started-at="2021-06-01T09:51:31 PDT" name="reportAndCloseDriver" finished-at="2021-06-01T09:51:32 PDT" duration-ms="298" status="PASS">
          <params>
            <param index="0">
              <value>
                <![CDATA[[TestResult name=testLoginSwaglabs status=FAILURE method=TestCases.testLoginSwaglabs(java.lang.String,java.lang.String,java.lang.String)[pri:0, instance:testsuite.TestCases@47d90b9e] output=Username is ]]]>
              </value>
            </param>
          </params>
          <reporter-output>
          </reporter-output>
        </test-method> <!-- reportAndCloseDriver -->
      </class> <!-- testsuite.TestCases -->
    </test> <!-- Default test -->
  </suite> <!-- Default suite -->
</testng-results>
